2008-11-18 19:03:03|[Error]索引超出范围。必须为非负值并小于集合大小。
参数名: index
   在 System.ThrowHelper.ThrowArgumentOutOfRangeException(ExceptionArgument argument, ExceptionResource resource)
   在 System.ThrowHelper.ThrowArgumentOutOfRangeException()
   在 System.Collections.Generic.List`1.get_Item(Int32 index)
   在 SagaLogin.LoginClient.OnGetCharData(GetCharData p) 位置 E:\Saga\SagaLogin\LoginClient.cs:行号 444
   在 SagaLogin.Packets.Client.GetCharData.Parse(Client client) 位置 E:\Saga\SagaLogin\Packets\Client\GetCharData.cs:行号 24
   在 SagaLib.NetIO.ReceiveData(IAsyncResult ar)
2008-11-18 19:05:55|[Error]索引超出范围。必须为非负值并小于集合大小。
参数名: index
   在 System.ThrowHelper.ThrowArgumentOutOfRangeException(ExceptionArgument argument, ExceptionResource resource)
   在 System.ThrowHelper.ThrowArgumentOutOfRangeException()
   在 System.Collections.Generic.List`1.get_Item(Int32 index)
   在 SagaLogin.LoginClient.OnGetCharData(GetCharData p) 位置 E:\Saga\SagaLogin\LoginClient.cs:行号 444
   在 SagaLogin.Packets.Client.GetCharData.Parse(Client client) 位置 E:\Saga\SagaLogin\Packets\Client\GetCharData.cs:行号 24
   在 SagaLib.NetIO.ReceiveData(IAsyncResult ar)
2008-11-18 19:23:35|[Error]索引超出范围。必须为非负值并小于集合大小。
参数名: index
   在 System.ThrowHelper.ThrowArgumentOutOfRangeException(ExceptionArgument argument, ExceptionResource resource)
   在 System.ThrowHelper.ThrowArgumentOutOfRangeException()
   在 System.Collections.Generic.List`1.get_Item(Int32 index)
   在 SagaLogin.LoginClient.OnGetCharData(GetCharData p) 位置 E:\Saga\SagaLogin\LoginClient.cs:行号 444
   在 SagaLogin.Packets.Client.GetCharData.Parse(Client client) 位置 E:\Saga\SagaLogin\Packets\Client\GetCharData.cs:行号 24
   在 SagaLib.NetIO.ReceiveData(IAsyncResult ar)
2008-11-18 19:23:38|Warning:414460579 sent invalid char index 1
2008-11-18 19:38:24|[Error]索引超出范围。必须为非负值并小于集合大小。
参数名: index
   在 System.ThrowHelper.ThrowArgumentOutOfRangeException(ExceptionArgument argument, ExceptionResource resource)
   在 System.ThrowHelper.ThrowArgumentOutOfRangeException()
   在 System.Collections.Generic.List`1.get_Item(Int32 index)
   在 SagaLogin.LoginClient.OnGetCharData(GetCharData p) 位置 E:\Saga\SagaLogin\LoginClient.cs:行号 444
   在 SagaLogin.Packets.Client.GetCharData.Parse(Client client) 位置 E:\Saga\SagaLogin\Packets\Client\GetCharData.cs:行号 24
   在 SagaLib.NetIO.ReceiveData(IAsyncResult ar)
2008-11-18 19:38:27|Warning:4480745 sent invalid char index 1
2008-11-18 20:37:50|[Error]索引超出范围。必须为非负值并小于集合大小。
参数名: index
   在 System.ThrowHelper.ThrowArgumentOutOfRangeException(ExceptionArgument argument, ExceptionResource resource)
   在 System.ThrowHelper.ThrowArgumentOutOfRangeException()
   在 System.Collections.Generic.List`1.get_Item(Int32 index)
   在 SagaLogin.LoginClient.OnGetCharData(GetCharData p) 位置 E:\Saga\SagaLogin\LoginClient.cs:行号 444
   在 SagaLogin.Packets.Client.GetCharData.Parse(Client client) 位置 E:\Saga\SagaLogin\Packets\Client\GetCharData.cs:行号 24
   在 SagaLib.NetIO.ReceiveData(IAsyncResult ar)
2008-11-18 20:37:54|Warning:GT102 sent invalid char index 1
2008-11-18 20:46:27|[Error]索引超出范围。必须为非负值并小于集合大小。
参数名: index
   在 System.ThrowHelper.ThrowArgumentOutOfRangeException(ExceptionArgument argument, ExceptionResource resource)
   在 System.ThrowHelper.ThrowArgumentOutOfRangeException()
   在 System.Collections.Generic.List`1.get_Item(Int32 index)
   在 SagaLogin.LoginClient.OnGetCharData(GetCharData p) 位置 E:\Saga\SagaLogin\LoginClient.cs:行号 444
   在 SagaLogin.Packets.Client.GetCharData.Parse(Client client) 位置 E:\Saga\SagaLogin\Packets\Client\GetCharData.cs:行号 24
   在 SagaLib.NetIO.ReceiveData(IAsyncResult ar)
2008-11-18 20:46:29|Warning:WYWSWG sent invalid char index 1
2008-11-18 22:07:24|[Error]给定关键字不在字典中。
   在 System.ThrowHelper.ThrowKeyNotFoundException()
   在 System.Collections.Generic.Dictionary`2.get_Item(TKey key)
   在 SagaLogin.LoginClient.OnLogout(GwLogout p) 位置 E:\Saga\SagaLogin\LoginClient.cs:行号 122
   在 SagaLogin.Packets.Client.GwLogout.Parse(Client client) 位置 E:\Saga\SagaLogin\Packets\Client\GwLogout.cs:行号 29
   在 SagaLib.NetIO.ReceiveData(IAsyncResult ar)
2008-11-18 22:29:27|[Error]索引超出范围。必须为非负值并小于集合大小。
参数名: index
   在 System.ThrowHelper.ThrowArgumentOutOfRangeException(ExceptionArgument argument, ExceptionResource resource)
   在 System.ThrowHelper.ThrowArgumentOutOfRangeException()
   在 System.Collections.Generic.List`1.get_Item(Int32 index)
   在 SagaLogin.LoginClient.OnGetCharData(GetCharData p) 位置 E:\Saga\SagaLogin\LoginClient.cs:行号 444
   在 SagaLogin.Packets.Client.GetCharData.Parse(Client client) 位置 E:\Saga\SagaLogin\Packets\Client\GetCharData.cs:行号 24
   在 SagaLib.NetIO.ReceiveData(IAsyncResult ar)
2008-11-18 22:29:31|Warning:TGB880210 sent invalid char index 1
