2008-11-18 19:00:28|[Error]Failed... Trying again in 5sec
2008-11-18 19:00:28|[Error]System.Net.Sockets.SocketException: 由于目标机器积极拒绝，无法连接。 117.88.11.80:6000
   在 System.Net.Sockets.Socket.DoConnect(EndPoint endPointSnapshot, SocketAddress socketAddress)
   在 System.Net.Sockets.Socket.Connect(EndPoint remoteEP)
   在 SagaGateway.LoginSession.Connect()
2008-11-18 19:01:28|[Error]Failed... Trying again in 5sec
2008-11-18 19:01:28|[Error]System.Net.Sockets.SocketException: 由于目标机器积极拒绝，无法连接。 117.88.11.80:6000
   在 System.Net.Sockets.Socket.DoConnect(EndPoint endPointSnapshot, SocketAddress socketAddress)
   在 System.Net.Sockets.Socket.Connect(EndPoint remoteEP)
   在 SagaGateway.LoginSession.Connect()
2008-11-18 19:05:01|Warning:Invalid Client Version CRC!Kicking.... 
         Key:ED90AA25AE906FB36308C8523A4737A7E7B1FC6F
2008-11-18 19:05:37|Warning:Invalid Client Version CRC!Kicking.... 
         Key:ED90AA25AE906FB36308C8523A4737A7E7B1FC6F
2008-11-18 19:21:01|Warning:Invalid Client Version CRC!Kicking.... 
         Key:ED90AA25AE906FB36308C8523A4737A7E7B1FC6F
2008-11-18 20:43:31|Warning:Invalid Client Version CRC!Kicking.... 
         Key:ED90AA25AE906FB36308C8523A4737A7E7B1FC6F
2008-11-18 20:51:40|Warning:Invalid Client Version CRC!Kicking.... 
         Key:ED90AA25AE906FB36308C8523A4737A7E7B1FC6F
2008-11-18 22:00:34|Warning:Invalid Client Version CRC!Kicking.... 
         Key:ED90AA25AE906FB36308C8523A4737A7E7B1FC6F
2008-11-18 22:01:11|Warning:Invalid Client Version CRC!Kicking.... 
         Key:ED90AA25AE906FB36308C8523A4737A7E7B1FC6F
2008-11-18 22:06:24|Warning:Invalid Client Version CRC!Kicking.... 
         Key:ED90AA25AE906FB36308C8523A4737A7E7B1FC6F
2008-11-18 22:10:05|Warning:Invalid Client Version CRC!Kicking.... 
         Key:ED90AA25AE906FB36308C8523A4737A7E7B1FC6F
2008-11-18 22:20:57|Warning:Invalid Client Version CRC!Kicking.... 
         Key:ED90AA25AE906FB36308C8523A4737A7E7B1FC6F
2008-11-18 22:31:10|Warning:Invalid Client Version CRC!Kicking.... 
         Key:ED90AA25AE906FB36308C8523A4737A7E7B1FC6F
