2009-5-31 2:23:32|[Error]Failed... Trying again in 5sec
2009-5-31 2:23:32|[Error]System.Net.Sockets.SocketException: 由于目标机器积极拒绝，无法连接。
   at System.Net.Sockets.Socket.DoConnect(EndPoint endPointSnapshot, SocketAddress socketAddress)
   at System.Net.Sockets.Socket.Connect(EndPoint remoteEP)
   at SagaGateway.LoginSession.Connect()
2009-5-31 11:27:24|[Error]Failed... Trying again in 5sec
2009-5-31 11:27:26|[Error]System.Net.Sockets.SocketException: 由于目标机器积极拒绝，无法连接。
   at System.Net.Sockets.Socket.DoConnect(EndPoint endPointSnapshot, SocketAddress socketAddress)
   at System.Net.Sockets.Socket.Connect(EndPoint remoteEP)
   at SagaGateway.LoginSession.Connect()
2009-5-31 11:27:32|[Error]Failed... Trying again in 5sec
2009-5-31 11:27:32|[Error]System.Net.Sockets.SocketException: 由于目标机器积极拒绝，无法连接。
   at System.Net.Sockets.Socket.DoConnect(EndPoint endPointSnapshot, SocketAddress socketAddress)
   at System.Net.Sockets.Socket.Connect(EndPoint remoteEP)
   at SagaGateway.LoginSession.Connect()
2009-5-31 18:25:14|[Error]Failed... Trying again in 5sec
2009-5-31 18:25:16|[Error]System.Net.Sockets.SocketException: 由于目标机器积极拒绝，无法连接。
   at System.Net.Sockets.Socket.DoConnect(EndPoint endPointSnapshot, SocketAddress socketAddress)
   at System.Net.Sockets.Socket.Connect(EndPoint remoteEP)
   at SagaGateway.LoginSession.Connect()
2009-5-31 18:25:22|[Error]Failed... Trying again in 5sec
2009-5-31 18:25:22|[Error]System.Net.Sockets.SocketException: 由于目标机器积极拒绝，无法连接。
   at System.Net.Sockets.Socket.DoConnect(EndPoint endPointSnapshot, SocketAddress socketAddress)
   at System.Net.Sockets.Socket.Connect(EndPoint remoteEP)
   at SagaGateway.LoginSession.Connect()
2009-5-31 18:25:28|[Error]Failed... Trying again in 5sec
2009-5-31 18:25:28|[Error]System.Net.Sockets.SocketException: 由于目标机器积极拒绝，无法连接。
   at System.Net.Sockets.Socket.DoConnect(EndPoint endPointSnapshot, SocketAddress socketAddress)
   at System.Net.Sockets.Socket.Connect(EndPoint remoteEP)
   at SagaGateway.LoginSession.Connect()
2009-5-31 18:25:34|[Error]Failed... Trying again in 5sec
2009-5-31 18:25:34|[Error]System.Net.Sockets.SocketException: 由于目标机器积极拒绝，无法连接。
   at System.Net.Sockets.Socket.DoConnect(EndPoint endPointSnapshot, SocketAddress socketAddress)
   at System.Net.Sockets.Socket.Connect(EndPoint remoteEP)
   at SagaGateway.LoginSession.Connect()
