2009-5-14 19:52:52|Warning:Tried to get WeaponInfo by type '2' for non existing level '100'. Picking first level in stack for safety
2009-5-14 19:52:52|Warning:Tried to get WeaponInfo by type '2' for non existing level '100'. Picking first level in stack for safety
2009-5-14 19:52:52|Warning:Tried to get WeaponInfo by type '2' for non existing level '100'. Picking first level in stack for safety
2009-5-14 19:52:52|Warning:Tried to get WeaponInfo by type '2' for non existing level '100'. Picking first level in stack for safety
2009-5-14 19:52:52|Warning:Tried to get WeaponInfo by type '2' for non existing level '100'. Picking first level in stack for safety
2009-5-14 19:52:52|Warning:Tried to get WeaponInfo by type '2' for non existing level '100'. Picking first level in stack for safety
2009-5-14 20:03:41|Warning:Tried to get WeaponInfo by type '1' for non existing level '1'. Picking first level in stack for safety
2009-5-14 20:03:41|Warning:Tried to get WeaponInfo by type '1' for non existing level '1'. Picking first level in stack for safety
2009-5-14 20:03:41|Warning:Tried to get WeaponInfo by type '1' for non existing level '1'. Picking first level in stack for safety
2009-5-14 20:03:41|Warning:Tried to get WeaponInfo by type '1' for non existing level '1'. Picking first level in stack for safety
2009-5-14 20:03:41|Warning:Tried to get WeaponInfo by type '1' for non existing level '1'. Picking first level in stack for safety
2009-5-14 20:03:41|Warning:Tried to get WeaponInfo by type '1' for non existing level '1'. Picking first level in stack for safety
2009-5-14 20:03:41|Warning:Tried to get WeaponInfo by type '1' for non existing level '1'. Picking first level in stack for safety
2009-5-14 20:03:41|Warning:Tried to get WeaponInfo by type '1' for non existing level '1'. Picking first level in stack for safety
2009-5-14 20:03:41|Warning:Tried to get WeaponInfo by type '1' for non existing level '1'. Picking first level in stack for safety
2009-5-14 20:03:41|Warning:Tried to get WeaponInfo by type '1' for non existing level '1'. Picking first level in stack for safety
2009-5-14 20:03:41|Warning:Tried to get WeaponInfo by type '1' for non existing level '1'. Picking first level in stack for safety
2009-5-14 20:03:41|Warning:Tried to get WeaponInfo by type '1' for non existing level '1'. Picking first level in stack for safety
2009-5-14 20:18:47|Warning:Tried to get WeaponInfo by type '3' for non existing level '21'. Picking first level in stack for safety
2009-5-14 20:18:47|Warning:Tried to get WeaponInfo by type '3' for non existing level '21'. Picking first level in stack for safety
2009-5-14 20:18:47|Warning:Tried to get WeaponInfo by type '3' for non existing level '21'. Picking first level in stack for safety
2009-5-14 20:18:47|Warning:Tried to get WeaponInfo by type '3' for non existing level '21'. Picking first level in stack for safety
2009-5-14 20:18:47|Warning:Tried to get WeaponInfo by type '3' for non existing level '21'. Picking first level in stack for safety
2009-5-14 20:18:47|Warning:Tried to get WeaponInfo by type '3' for non existing level '21'. Picking first level in stack for safety
2009-5-14 20:18:47|Warning:Tried to get WeaponInfo by type '3' for non existing level '21'. Picking first level in stack for safety
2009-5-14 20:18:47|Warning:Tried to get WeaponInfo by type '3' for non existing level '21'. Picking first level in stack for safety
2009-5-14 20:18:47|Warning:Tried to get WeaponInfo by type '3' for non existing level '21'. Picking first level in stack for safety
2009-5-14 20:18:47|Warning:Tried to get WeaponInfo by type '3' for non existing level '21'. Picking first level in stack for safety
2009-5-14 20:18:47|Warning:Tried to get WeaponInfo by type '3' for non existing level '21'. Picking first level in stack for safety
2009-5-14 20:18:47|Warning:Tried to get WeaponInfo by type '3' for non existing level '21'. Picking first level in stack for safety
2009-5-14 20:19:04|Warning:Tried to get WeaponInfo by type '3' for non existing level '21'. Picking first level in stack for safety
2009-5-14 20:19:04|Warning:Tried to get WeaponInfo by type '3' for non existing level '21'. Picking first level in stack for safety
2009-5-14 20:19:04|Warning:Tried to get WeaponInfo by type '3' for non existing level '21'. Picking first level in stack for safety
2009-5-14 20:19:04|Warning:Tried to get WeaponInfo by type '3' for non existing level '21'. Picking first level in stack for safety
2009-5-14 20:19:04|Warning:Tried to get WeaponInfo by type '3' for non existing level '21'. Picking first level in stack for safety
2009-5-14 20:19:04|Warning:Tried to get WeaponInfo by type '3' for non existing level '21'. Picking first level in stack for safety
2009-5-14 20:19:41|Warning:Tried to get WeaponInfo by type '3' for non existing level '21'. Picking first level in stack for safety
2009-5-14 20:19:41|Warning:Tried to get WeaponInfo by type '3' for non existing level '21'. Picking first level in stack for safety
2009-5-14 20:19:41|Warning:Tried to get WeaponInfo by type '3' for non existing level '21'. Picking first level in stack for safety
2009-5-14 20:19:41|Warning:Tried to get WeaponInfo by type '3' for non existing level '21'. Picking first level in stack for safety
2009-5-14 20:19:41|Warning:Tried to get WeaponInfo by type '3' for non existing level '21'. Picking first level in stack for safety
2009-5-14 20:19:41|Warning:Tried to get WeaponInfo by type '3' for non existing level '21'. Picking first level in stack for safety
2009-5-14 20:19:42|Warning:Tried to get WeaponInfo by type '3' for non existing level '21'. Picking first level in stack for safety
2009-5-14 20:19:42|Warning:Tried to get WeaponInfo by type '3' for non existing level '21'. Picking first level in stack for safety
2009-5-14 20:19:42|Warning:Tried to get WeaponInfo by type '3' for non existing level '21'. Picking first level in stack for safety
2009-5-14 20:19:43|Warning:Tried to get WeaponInfo by type '3' for non existing level '21'. Picking first level in stack for safety
2009-5-14 20:19:43|Warning:Tried to get WeaponInfo by type '3' for non existing level '21'. Picking first level in stack for safety
2009-5-14 20:19:43|Warning:Tried to get WeaponInfo by type '3' for non existing level '21'. Picking first level in stack for safety
2009-5-14 20:19:44|Warning:Tried to get WeaponInfo by type '3' for non existing level '21'. Picking first level in stack for safety
2009-5-14 20:19:44|Warning:Tried to get WeaponInfo by type '3' for non existing level '21'. Picking first level in stack for safety
2009-5-14 20:19:44|Warning:Tried to get WeaponInfo by type '3' for non existing level '21'. Picking first level in stack for safety
2009-5-14 20:19:44|Warning:Tried to get WeaponInfo by type '3' for non existing level '21'. Picking first level in stack for safety
2009-5-14 20:19:44|Warning:Tried to get WeaponInfo by type '3' for non existing level '21'. Picking first level in stack for safety
2009-5-14 20:19:44|Warning:Tried to get WeaponInfo by type '3' for non existing level '21'. Picking first level in stack for safety
2009-5-14 20:19:45|Warning:Tried to get WeaponInfo by type '3' for non existing level '21'. Picking first level in stack for safety
2009-5-14 20:19:45|Warning:Tried to get WeaponInfo by type '3' for non existing level '21'. Picking first level in stack for safety
2009-5-14 20:19:45|Warning:Tried to get WeaponInfo by type '3' for non existing level '21'. Picking first level in stack for safety
2009-5-14 20:19:45|Warning:Tried to get WeaponInfo by type '3' for non existing level '21'. Picking first level in stack for safety
2009-5-14 20:19:45|Warning:Tried to get WeaponInfo by type '3' for non existing level '21'. Picking first level in stack for safety
2009-5-14 20:19:45|Warning:Tried to get WeaponInfo by type '3' for non existing level '21'. Picking first level in stack for safety
2009-5-14 20:19:45|Warning:Tried to get WeaponInfo by type '3' for non existing level '21'. Picking first level in stack for safety
2009-5-14 20:19:45|Warning:Tried to get WeaponInfo by type '3' for non existing level '21'. Picking first level in stack for safety
2009-5-14 20:19:45|Warning:Tried to get WeaponInfo by type '3' for non existing level '21'. Picking first level in stack for safety
2009-5-14 20:19:49|Warning:Tried to get WeaponInfo by type '3' for non existing level '21'. Picking first level in stack for safety
2009-5-14 20:19:49|Warning:Tried to get WeaponInfo by type '3' for non existing level '21'. Picking first level in stack for safety
2009-5-14 20:19:49|Warning:Tried to get WeaponInfo by type '3' for non existing level '21'. Picking first level in stack for safety
2009-5-14 20:19:49|Warning:Tried to get WeaponInfo by type '3' for non existing level '21'. Picking first level in stack for safety
2009-5-14 20:19:49|Warning:Tried to get WeaponInfo by type '3' for non existing level '21'. Picking first level in stack for safety
2009-5-14 20:19:49|Warning:Tried to get WeaponInfo by type '3' for non existing level '21'. Picking first level in stack for safety
2009-5-14 20:19:49|Warning:Tried to get WeaponInfo by type '3' for non existing level '21'. Picking first level in stack for safety
2009-5-14 20:19:49|Warning:Tried to get WeaponInfo by type '3' for non existing level '21'. Picking first level in stack for safety
2009-5-14 20:19:49|Warning:Tried to get WeaponInfo by type '3' for non existing level '21'. Picking first level in stack for safety
2009-5-14 20:19:49|Warning:Tried to get WeaponInfo by type '3' for non existing level '21'. Picking first level in stack for safety
2009-5-14 20:19:49|Warning:Tried to get WeaponInfo by type '3' for non existing level '21'. Picking first level in stack for safety
2009-5-14 20:19:49|Warning:Tried to get WeaponInfo by type '3' for non existing level '21'. Picking first level in stack for safety
2009-5-14 20:20:25|Warning:Tried to get WeaponInfo by type '3' for non existing level '21'. Picking first level in stack for safety
2009-5-14 20:20:25|Warning:Tried to get WeaponInfo by type '3' for non existing level '21'. Picking first level in stack for safety
2009-5-14 20:20:25|Warning:Tried to get WeaponInfo by type '3' for non existing level '21'. Picking first level in stack for safety
2009-5-14 20:20:25|Warning:Tried to get WeaponInfo by type '3' for non existing level '21'. Picking first level in stack for safety
2009-5-14 20:20:25|Warning:Tried to get WeaponInfo by type '3' for non existing level '21'. Picking first level in stack for safety
2009-5-14 20:20:25|Warning:Tried to get WeaponInfo by type '3' for non existing level '21'. Picking first level in stack for safety
2009-5-14 20:20:25|Warning:Tried to get WeaponInfo by type '3' for non existing level '21'. Picking first level in stack for safety
2009-5-14 20:20:25|Warning:Tried to get WeaponInfo by type '3' for non existing level '21'. Picking first level in stack for safety
2009-5-14 20:20:25|Warning:Tried to get WeaponInfo by type '3' for non existing level '21'. Picking first level in stack for safety
2009-5-14 20:20:25|Warning:Tried to get WeaponInfo by type '3' for non existing level '21'. Picking first level in stack for safety
2009-5-14 20:20:25|Warning:Tried to get WeaponInfo by type '3' for non existing level '21'. Picking first level in stack for safety
2009-5-14 20:20:25|Warning:Tried to get WeaponInfo by type '3' for non existing level '21'. Picking first level in stack for safety
5/14/2009 8:20:39 PM|[Error]Failed... Trying again in 5sec
5/14/2009 8:20:39 PM|[Error]System.Net.Sockets.SocketException: No connection could be made because the target machine actively refused it
   at System.Net.Sockets.Socket.DoConnect(EndPoint endPointSnapshot, SocketAddress socketAddress)
   at System.Net.Sockets.Socket.Connect(EndPoint remoteEP)
   at SagaMap.LoginSession.Connect(Socket sock, String host, Int32 port) in E:\Saga\SagaMap\Network\LoginServer\LoginSession.cs:line 50
