2008-11-20 1:04:41|LING !b 服务器凌晨3点-中午12点维护更新,详细内容请登陆论坛查看
2008-11-20 1:04:43|LING !b 服务器凌晨3点-中午12点维护更新,详细内容请登陆论坛查看
2008-11-20 1:05:55|LING !b 服务器凌晨3点-中午12点维护更新,详细内容请登陆论坛查看
2008-11-20 1:05:57|LING !b 服务器凌晨3点-中午12点维护更新,详细内容请登陆论坛查看
2008-11-20 2:33:21|LING !b 服务器凌晨3点至中午12点更新维护,详细请登陆论坛查看
2008-11-20 2:33:22|LING !b 服务器凌晨3点至中午12点更新维护,详细请登陆论坛查看
2008-11-20 12:12:25|LING !b 为给大家带来优质的游戏速度,10分钟后服务器启用每4小时重新启动服务器脚本,请大家注意论坛详细通知！
2008-11-20 12:12:54|LING !b 为给大家带来优质的游戏速度,10分钟后服务器启用每4小时重新启动服务器脚本,请大家注意论坛详细通知！
2008-11-20 12:30:34|LING !b 服务器关闭5分钟调试自动重启脚本,详细请登陆论坛查看
2008-11-20 12:30:37|LING !b 服务器关闭5分钟调试自动重启脚本,详细请登陆论坛查看
2008-11-20 12:31:11|LING !kickall
2008-11-20 19:04:35|LING !item 3000018
2008-11-20 19:04:50|LING !item 3000019
2008-11-20 19:04:56|LING !item 3000021
2008-11-20 19:10:46|LING !item 800195
2008-11-20 19:11:07|LING !item 570633
2008-11-20 19:11:23|LING !item 530556
2008-11-20 19:11:45|LING !item 530502
2008-11-20 19:12:08|LING !item 350120
2008-11-20 19:12:32|LING !item 100241
2008-11-20 19:13:10|LING !item 450288
2008-11-20 19:21:23|LING !b 服务器5分钟后重启,重启时间大约2-5分钟,请注意下线保存资料
2008-11-20 19:21:32|LING !b 服务器5分钟后重启,重启时间大约2-5分钟,请注意下线保存资料
2008-11-20 19:21:41|LING !b 服务器5分钟后重启,重启时间大约2-5分钟,请注意下线保存资料
2008-11-20 19:21:50|LING !b 服务器5分钟后重启,重启时间大约2-5分钟,请注意下线保存资料
