11/16/2008 4:38:47 AM|[Error]Failed... Trying again in 5sec
11/16/2008 4:38:47 AM|[Error]System.Net.Sockets.SocketException: No connection could be made because the target machine actively refused it 127.0.0.1:6000
   在 System.Net.Sockets.Socket.DoConnect(EndPoint endPointSnapshot, SocketAddress socketAddress)
   在 System.Net.Sockets.Socket.Connect(EndPoint remoteEP)
   在 SagaMap.LoginSession.Connect(Socket sock, String host, Int32 port) 位置 E:\Saga\SagaMap\Network\LoginServer\LoginSession.cs:行号 50
11/16/2008 4:38:53 AM|[Error]Failed... Trying again in 5sec
11/16/2008 4:38:53 AM|[Error]System.Net.Sockets.SocketException: No connection could be made because the target machine actively refused it 127.0.0.1:6000
   在 System.Net.Sockets.Socket.DoConnect(EndPoint endPointSnapshot, SocketAddress socketAddress)
   在 System.Net.Sockets.Socket.Connect(EndPoint remoteEP)
   在 SagaMap.LoginSession.Connect(Socket sock, String host, Int32 port) 位置 E:\Saga\SagaMap\Network\LoginServer\LoginSession.cs:行号 50
11/16/2008 4:38:59 AM|[Error]Failed... Trying again in 5sec
11/16/2008 4:38:59 AM|[Error]System.Net.Sockets.SocketException: No connection could be made because the target machine actively refused it 127.0.0.1:6000
   在 System.Net.Sockets.Socket.DoConnect(EndPoint endPointSnapshot, SocketAddress socketAddress)
   在 System.Net.Sockets.Socket.Connect(EndPoint remoteEP)
   在 SagaMap.LoginSession.Connect(Socket sock, String host, Int32 port) 位置 E:\Saga\SagaMap\Network\LoginServer\LoginSession.cs:行号 50
11/16/2008 4:39:05 AM|[Error]Failed... Trying again in 5sec
11/16/2008 4:39:05 AM|[Error]System.Net.Sockets.SocketException: No connection could be made because the target machine actively refused it 127.0.0.1:6000
   在 System.Net.Sockets.Socket.DoConnect(EndPoint endPointSnapshot, SocketAddress socketAddress)
   在 System.Net.Sockets.Socket.Connect(EndPoint remoteEP)
   在 SagaMap.LoginSession.Connect(Socket sock, String host, Int32 port) 位置 E:\Saga\SagaMap\Network\LoginServer\LoginSession.cs:行号 50
11/16/2008 4:39:11 AM|[Error]Failed... Trying again in 5sec
11/16/2008 4:39:11 AM|[Error]System.Net.Sockets.SocketException: No connection could be made because the target machine actively refused it 127.0.0.1:6000
   在 System.Net.Sockets.Socket.DoConnect(EndPoint endPointSnapshot, SocketAddress socketAddress)
   在 System.Net.Sockets.Socket.Connect(EndPoint remoteEP)
   在 SagaMap.LoginSession.Connect(Socket sock, String host, Int32 port) 位置 E:\Saga\SagaMap\Network\LoginServer\LoginSession.cs:行号 50
11/16/2008 4:39:17 AM|[Error]Failed... Trying again in 5sec
11/16/2008 4:39:17 AM|[Error]System.Net.Sockets.SocketException: No connection could be made because the target machine actively refused it 127.0.0.1:6000
   在 System.Net.Sockets.Socket.DoConnect(EndPoint endPointSnapshot, SocketAddress socketAddress)
   在 System.Net.Sockets.Socket.Connect(EndPoint remoteEP)
   在 SagaMap.LoginSession.Connect(Socket sock, String host, Int32 port) 位置 E:\Saga\SagaMap\Network\LoginServer\LoginSession.cs:行号 50
11/16/2008 4:39:23 AM|[Error]Failed... Trying again in 5sec
11/16/2008 4:39:23 AM|[Error]System.Net.Sockets.SocketException: No connection could be made because the target machine actively refused it 127.0.0.1:6000
   在 System.Net.Sockets.Socket.DoConnect(EndPoint endPointSnapshot, SocketAddress socketAddress)
   在 System.Net.Sockets.Socket.Connect(EndPoint remoteEP)
   在 SagaMap.LoginSession.Connect(Socket sock, String host, Int32 port) 位置 E:\Saga\SagaMap\Network\LoginServer\LoginSession.cs:行号 50
11/16/2008 4:39:29 AM|[Error]Failed... Trying again in 5sec
11/16/2008 4:39:29 AM|[Error]System.Net.Sockets.SocketException: No connection could be made because the target machine actively refused it 127.0.0.1:6000
   在 System.Net.Sockets.Socket.DoConnect(EndPoint endPointSnapshot, SocketAddress socketAddress)
   在 System.Net.Sockets.Socket.Connect(EndPoint remoteEP)
   在 SagaMap.LoginSession.Connect(Socket sock, String host, Int32 port) 位置 E:\Saga\SagaMap\Network\LoginServer\LoginSession.cs:行号 50
11/16/2008 4:39:35 AM|[Error]Failed... Trying again in 5sec
11/16/2008 4:39:35 AM|[Error]System.Net.Sockets.SocketException: No connection could be made because the target machine actively refused it 127.0.0.1:6000
   在 System.Net.Sockets.Socket.DoConnect(EndPoint endPointSnapshot, SocketAddress socketAddress)
   在 System.Net.Sockets.Socket.Connect(EndPoint remoteEP)
   在 SagaMap.LoginSession.Connect(Socket sock, String host, Int32 port) 位置 E:\Saga\SagaMap\Network\LoginServer\LoginSession.cs:行号 50
11/16/2008 4:40:32 AM|[Error]Failed... Trying again in 5sec
11/16/2008 4:40:32 AM|[Error]System.Net.Sockets.SocketException: No connection could be made because the target machine actively refused it 127.0.0.1:6000
   在 System.Net.Sockets.Socket.DoConnect(EndPoint endPointSnapshot, SocketAddress socketAddress)
   在 System.Net.Sockets.Socket.Connect(EndPoint remoteEP)
   在 SagaMap.LoginSession.Connect(Socket sock, String host, Int32 port) 位置 E:\Saga\SagaMap\Network\LoginServer\LoginSession.cs:行号 50
11/16/2008 4:41:59 AM|[Error]Failed... Trying again in 5sec
11/16/2008 4:41:59 AM|[Error]System.Net.Sockets.SocketException: No connection could be made because the target machine actively refused it 127.0.0.1:6000
   在 System.Net.Sockets.Socket.DoConnect(EndPoint endPointSnapshot, SocketAddress socketAddress)
   在 System.Net.Sockets.Socket.Connect(EndPoint remoteEP)
   在 SagaMap.LoginSession.Connect(Socket sock, String host, Int32 port) 位置 E:\Saga\SagaMap\Network\LoginServer\LoginSession.cs:行号 50
11/16/2008 4:42:33 AM|[Error]Failed... Trying again in 5sec
11/16/2008 4:42:33 AM|[Error]System.Net.Sockets.SocketException: No connection could be made because the target machine actively refused it 127.0.0.1:6000
   在 System.Net.Sockets.Socket.DoConnect(EndPoint endPointSnapshot, SocketAddress socketAddress)
   在 System.Net.Sockets.Socket.Connect(EndPoint remoteEP)
   在 SagaMap.LoginSession.Connect(Socket sock, String host, Int32 port) 位置 E:\Saga\SagaMap\Network\LoginServer\LoginSession.cs:行号 50
11/16/2008 4:28:41 PM|[Error]Failed... Trying again in 5sec
11/16/2008 4:28:41 PM|[Error]System.Net.Sockets.SocketException: No connection could be made because the target machine actively refused it 127.0.0.1:6000
   在 System.Net.Sockets.Socket.DoConnect(EndPoint endPointSnapshot, SocketAddress socketAddress)
   在 System.Net.Sockets.Socket.Connect(EndPoint remoteEP)
   在 SagaMap.LoginSession.Connect(Socket sock, String host, Int32 port) 位置 E:\Saga\SagaMap\Network\LoginServer\LoginSession.cs:行号 50
2008-11-16 17:35:45|[Error]集合已修改；可能无法执行枚举操作。
   在 System.ThrowHelper.ThrowInvalidOperationException(ExceptionResource resource)
   在 System.Collections.Generic.List`1.Enumerator.MoveNext()
   在 SagaMap.Map.SendEventToAllActorsWhoCanSeeActor(EVENT_TYPE etype, MapEventArgs args, Actor sActor, Boolean sendToSourceActor) 位置 E:\Saga\SagaMap\Map.cs:行号 721
2008-11-16 19:01:07|[Error]未将对象引用设置到对象的实例。
   在 SagaMap.MapClient.OnNPCDropList(NPCDropList p) 位置 E:\Saga\SagaMap\Network\Client\MapClient.Items.cs:行号 309
   在 SagaMap.Packets.Client.NPCDropList.Parse(Client client) 位置 E:\Saga\SagaMap\Packets\Client\6 - NPC and Battle\NPCDropList.cs:行号 36
   在 SagaLib.NetIO.ReceiveData(IAsyncResult ar)
2008-11-16 19:17:05|[Error]集合已修改；可能无法执行枚举操作。
   在 System.ThrowHelper.ThrowInvalidOperationException(ExceptionResource resource)
   在 System.Collections.Generic.List`1.Enumerator.MoveNext()
   在 SagaMap.Map.SendVisibleActorsToActor(Actor jActor) 位置 E:\Saga\SagaMap\Map.cs:行号 653
   在 SagaMap.Npc.OnCreate(Boolean success) 位置 E:\Saga\SagaMap\Scripting\Npc.cs:行号 76
   在 SagaMap.Map.RegisterActor(Actor nActor) 位置 E:\Saga\SagaMap\Map.cs:行号 244
   在 SagaMap.Tasks.SpawnOnce.CallBack(Object o) 位置 E:\Saga\SagaMap\Tasks\MobTasks\SpawnOnce.cs:行号 57
2008-11-16 20:22:26|[Error]未将对象引用设置到对象的实例。
   在 SagaMap.MapClient.OnNPCDropList(NPCDropList p) 位置 E:\Saga\SagaMap\Network\Client\MapClient.Items.cs:行号 309
   在 SagaMap.Packets.Client.NPCDropList.Parse(Client client) 位置 E:\Saga\SagaMap\Packets\Client\6 - NPC and Battle\NPCDropList.cs:行号 36
   在 SagaLib.NetIO.ReceiveData(IAsyncResult ar)
2008-11-16 20:30:43|[Error]未将对象引用设置到对象的实例。
   在 SagaMap.MapClient.OnNPCDropList(NPCDropList p) 位置 E:\Saga\SagaMap\Network\Client\MapClient.Items.cs:行号 309
   在 SagaMap.Packets.Client.NPCDropList.Parse(Client client) 位置 E:\Saga\SagaMap\Packets\Client\6 - NPC and Battle\NPCDropList.cs:行号 36
   在 SagaLib.NetIO.ReceiveData(IAsyncResult ar)
2008-11-16 21:59:02|[Error]集合已修改；可能无法执行枚举操作。
   在 System.ThrowHelper.ThrowInvalidOperationException(ExceptionResource resource)
   在 System.Collections.Generic.List`1.Enumerator.MoveNext()
   在 SagaMap.Map.SendEventToAllActorsWhoCanSeeActor(EVENT_TYPE etype, MapEventArgs args, Actor sActor, Boolean sendToSourceActor) 位置 E:\Saga\SagaMap\Map.cs:行号 721
2008-11-16 23:24:29|[Error]集合已修改；可能无法执行枚举操作。
   在 System.ThrowHelper.ThrowInvalidOperationException(ExceptionResource resource)
   在 System.Collections.Generic.List`1.Enumerator.MoveNext()
   在 SagaMap.Map.SendEventToAllActorsWhoCanSeeActor(EVENT_TYPE etype, MapEventArgs args, Actor sActor, Boolean sendToSourceActor) 位置 E:\Saga\SagaMap\Map.cs:行号 721
2008-11-16 23:32:04|[Error]未将对象引用设置到对象的实例。
   在 SagaMap.MapClient.OnNPCDropList(NPCDropList p) 位置 E:\Saga\SagaMap\Network\Client\MapClient.Items.cs:行号 309
   在 SagaMap.Packets.Client.NPCDropList.Parse(Client client) 位置 E:\Saga\SagaMap\Packets\Client\6 - NPC and Battle\NPCDropList.cs:行号 36
   在 SagaLib.NetIO.ReceiveData(IAsyncResult ar)
